<?xml version="1.0" encoding="UTF-8"?>
<!-- Generated by org.testng.reporters.JUnitReportReporter -->
<testsuite hostname="DESKTOP-DJ4FDME" failures="0" tests="2" name="learnTestNG.TestScenario4" time="0.014" errors="0" timestamp="2023-09-14T07:39:33 IST" skipped="0">
  <testcase classname="learnTestNG.TestScenario4" name="sixth_testcase" time="0.002"/>
  <testcase classname="learnTestNG.TestScenario4" name="second_testcase" time="0.012"/>
</testsuite> <!-- learnTestNG.TestScenario4 -->
