<?xml version="1.0" encoding="UTF-8"?>
<!-- Generated by org.testng.reporters.JUnitReportReporter -->
<testsuite hostname="DESKTOP-DJ4FDME" failures="0" tests="8" name="learnTestNG.TestScenario3" time="0.005" errors="0" timestamp="2023-09-14T07:26:37 IST" skipped="0">
  <testcase classname="learnTestNG.TestScenario3" name="eight_testcase" time="0.001"/>
  <testcase classname="learnTestNG.TestScenario3" name="fifth_testcase" time="0.000"/>
  <testcase classname="learnTestNG.TestScenario3" name="seven_testcase" time="0.001"/>
  <testcase classname="learnTestNG.TestScenario3" name="first_testcase" time="0.001"/>
  <testcase classname="learnTestNG.TestScenario3" name="third_testcase" time="0.000"/>
  <testcase classname="learnTestNG.TestScenario3" name="sixth_testcase" time="0.001"/>
  <testcase classname="learnTestNG.TestScenario3" name="second_testcase" time="0.001"/>
  <testcase classname="learnTestNG.TestScenario3" name="forth_testcase" time="0.000"/>
</testsuite> <!-- learnTestNG.TestScenario3 -->
