<?xml version="1.0" encoding="UTF-8"?>
<!-- Generated by org.testng.reporters.JUnitReportReporter -->
<testsuite hostname="DESKTOP-DJ4FDME" failures="0" tests="2" name="automation.FirstAutomation" time="17.086" errors="0" timestamp="2023-09-22T07:23:15 IST" skipped="1">
  <testcase classname="automation.FirstAutomation" name="fbsignupfunctionlity" time="17.086"/>
  <testcase classname="automation.FirstAutomation" name="fbloginfunctionlity">
    <skipped/>
  </testcase> <!-- fbloginfunctionlity -->
</testsuite> <!-- automation.FirstAutomation -->
