<?xml version="1.0" encoding="UTF-8"?>
<!-- Generated by org.testng.reporters.JUnitReportReporter -->
<testsuite hostname="DESKTOP-DJ4FDME" failures="0" tests="8" name="learnTestNG.TestScenario8" time="0.025" errors="0" timestamp="2023-09-14T07:26:37 IST" skipped="0">
  <testcase classname="learnTestNG.TestScenario8" name="seven_testcase" time="0.003"/>
  <testcase classname="learnTestNG.TestScenario8" name="second_testcase" time="0.003"/>
  <testcase classname="learnTestNG.TestScenario8" name="fifth_testcase" time="0.007"/>
  <testcase classname="learnTestNG.TestScenario8" name="sixth_testcase" time="0.002"/>
  <testcase classname="learnTestNG.TestScenario8" name="third_testcase" time="0.001"/>
  <testcase classname="learnTestNG.TestScenario8" name="forth_testcase" time="0.001"/>
  <testcase classname="learnTestNG.TestScenario8" name="eight_testcase" time="0.004"/>
  <testcase classname="learnTestNG.TestScenario8" name="first_testcase" time="0.004"/>
</testsuite> <!-- learnTestNG.TestScenario8 -->
