<?xml version="1.0" encoding="UTF-8"?>
<!-- Generated by org.testng.reporters.JUnitReportReporter -->
<testsuite hostname="DESKTOP-DJ4FDME" failures="0" tests="1" name="automation.FetchDataRuntime" time="4.106" errors="0" timestamp="2023-09-21T07:44:09 IST" skipped="0">
  <testcase classname="automation.FetchDataRuntime" name="browsers" time="4.106"/>
</testsuite> <!-- automation.FetchDataRuntime -->
