<?xml version="1.0" encoding="UTF-8"?>
<!-- Generated by org.testng.reporters.JUnitReportReporter -->
<testsuite hostname="DESKTOP-DJ4FDME" failures="0" tests="8" name="learnTestNG.TestScenario2" time="0.018" errors="0" timestamp="2023-09-26T07:34:30 IST" skipped="0">
  <testcase classname="learnTestNG.TestScenario2" name="eight_testcase" time="0.002"/>
  <testcase classname="learnTestNG.TestScenario2" name="sixth_testcase" time="0.003"/>
  <testcase classname="learnTestNG.TestScenario2" name="first_testcase" time="0.002"/>
  <testcase classname="learnTestNG.TestScenario2" name="second_testcase" time="0.003"/>
  <testcase classname="learnTestNG.TestScenario2" name="forth_testcase" time="0.002"/>
  <testcase classname="learnTestNG.TestScenario2" name="third_testcase" time="0.003"/>
  <testcase classname="learnTestNG.TestScenario2" name="fifth_testcase" time="0.001"/>
  <testcase classname="learnTestNG.TestScenario2" name="seven_testcase" time="0.002"/>
</testsuite> <!-- learnTestNG.TestScenario2 -->
