<?xml version="1.0" encoding="UTF-8"?>
<!-- Generated by org.testng.reporters.JUnitReportReporter -->
<testsuite hostname="DESKTOP-DJ4FDME" failures="0" tests="4" name="automation.KeyMouseOperation" time="12.030" errors="0" timestamp="2023-09-26T07:34:30 IST" skipped="2">
  <testcase classname="automation.KeyMouseOperation" name="handleFrames" time="6.856"/>
  <testcase classname="automation.KeyMouseOperation" name="handleAlerts" time="5.174"/>
  <testcase classname="automation.KeyMouseOperation" name="MouseControl">
    <skipped/>
  </testcase> <!-- MouseControl -->
  <testcase classname="automation.KeyMouseOperation" name="keyboardControl">
    <skipped/>
  </testcase> <!-- keyboardControl -->
</testsuite> <!-- automation.KeyMouseOperation -->
