<?xml version="1.0" encoding="UTF-8"?>
<!-- Generated by org.testng.reporters.JUnitReportReporter -->
<testsuite hostname="DESKTOP-DJ4FDME" failures="0" tests="3" name="org.xyz.automation.fb.testcases.LoginFunctiolaity_DDF" time="16.510" errors="0" timestamp="2023-09-27T08:37:59 IST" skipped="0">
  <testcase classname="org.xyz.automation.fb.testcases.LoginFunctiolaity_DDF" name="validateloginfunc" time="3.869"/>
  <testcase classname="org.xyz.automation.fb.testcases.LoginFunctiolaity_DDF" name="validateloginfunc" time="4.836"/>
  <testcase classname="org.xyz.automation.fb.testcases.LoginFunctiolaity_DDF" name="validateloginfunc" time="7.805"/>
</testsuite> <!-- org.xyz.automation.fb.testcases.LoginFunctiolaity_DDF -->
