<?xml version="1.0" encoding="UTF-8"?>
<!-- Generated by org.testng.reporters.JUnitReportReporter -->
<testsuite hostname="DESKTOP-DJ4FDME" failures="0" tests="8" name="learnTestNG.TestScenario5" time="0.012" errors="0" timestamp="2023-09-14T07:26:37 IST" skipped="0">
  <testcase classname="learnTestNG.TestScenario5" name="eight_testcase" time="0.001"/>
  <testcase classname="learnTestNG.TestScenario5" name="fifth_testcase" time="0.000"/>
  <testcase classname="learnTestNG.TestScenario5" name="forth_testcase" time="0.006"/>
  <testcase classname="learnTestNG.TestScenario5" name="seven_testcase" time="0.002"/>
  <testcase classname="learnTestNG.TestScenario5" name="sixth_testcase" time="0.001"/>
  <testcase classname="learnTestNG.TestScenario5" name="second_testcase" time="0.001"/>
  <testcase classname="learnTestNG.TestScenario5" name="first_testcase" time="0.000"/>
  <testcase classname="learnTestNG.TestScenario5" name="third_testcase" time="0.001"/>
</testsuite> <!-- learnTestNG.TestScenario5 -->
