<?xml version="1.0" encoding="UTF-8"?>
<!-- Generated by org.testng.reporters.JUnitReportReporter -->
<testsuite hostname="DESKTOP-DJ4FDME" failures="0" tests="1" name="automation.DifferentControl" time="11.777" errors="0" timestamp="2023-09-22T07:37:18 IST" skipped="0">
  <testcase classname="automation.DifferentControl" name="browsers" time="11.777"/>
</testsuite> <!-- automation.DifferentControl -->
