<?xml version="1.0" encoding="UTF-8"?>
<!-- Generated by org.testng.reporters.JUnitReportReporter -->
<testsuite hostname="DESKTOP-DJ4FDME" failures="0" tests="1" name="org.xyz.automation.fb.testcases.LoginFunctiolaity" time="5.104" errors="0" timestamp="2023-09-27T07:48:25 IST" skipped="0">
  <testcase classname="org.xyz.automation.fb.testcases.LoginFunctiolaity" name="validateloginfunc" time="5.104"/>
</testsuite> <!-- org.xyz.automation.fb.testcases.LoginFunctiolaity -->
