<?xml version="1.0" encoding="UTF-8"?>
<!-- Generated by org.testng.reporters.JUnitReportReporter -->
<testsuite hostname="DESKTOP-DJ4FDME" failures="0" tests="1" name="automation.BrowserControl" time="26.130" errors="0" timestamp="2023-09-26T07:34:30 IST" skipped="0">
  <testcase classname="automation.BrowserControl" name="browsers" time="26.130"/>
</testsuite> <!-- automation.BrowserControl -->
